<?xml version="1.0" encoding="UTF-8"?>
<testsuite name="demo.TestCreatePrescriptionsByTreatmentsList" tests="1" skipped="0" failures="0" errors="0" timestamp="2022-01-16T15:54:29" hostname="HL99" time="9.292">
  <properties/>
  <testcase name="testCreatePrescriptionsByTreatmentsList" classname="demo.TestCreatePrescriptionsByTreatmentsList" time="9.292"/>
  <system-out><![CDATA[16:54:06.853 [Test worker] DEBUG org.springframework.test.context.junit4.SpringJUnit4ClassRunner - SpringJUnit4ClassRunner constructor called with [class demo.TestCreatePrescriptionsByTreatmentsList]
16:54:06.877 [Test worker] DEBUG org.springframework.test.context.BootstrapUtils - Instantiating CacheAwareContextLoaderDelegate from class [org.springframework.test.context.cache.DefaultCacheAwareContextLoaderDelegate]
16:54:06.906 [Test worker] DEBUG org.springframework.test.context.BootstrapUtils - Instantiating BootstrapContext using constructor [public org.springframework.test.context.support.DefaultBootstrapContext(java.lang.Class,org.springframework.test.context.CacheAwareContextLoaderDelegate)]
16:54:07.049 [Test worker] DEBUG org.springframework.test.context.BootstrapUtils - Instantiating TestContextBootstrapper for test class [demo.TestCreatePrescriptionsByTreatmentsList] from class [org.springframework.boot.test.context.SpringBootTestContextBootstrapper]
16:54:07.113 [Test worker] INFO org.springframework.boot.test.context.SpringBootTestContextBootstrapper - Neither @ContextConfiguration nor @ContextHierarchy found for test class [demo.TestCreatePrescriptionsByTreatmentsList], using SpringBootContextLoader
16:54:07.127 [Test worker] DEBUG org.springframework.test.context.support.AbstractContextLoader - Did not detect default resource location for test class [demo.TestCreatePrescriptionsByTreatmentsList]: class path resource [demo/TestCreatePrescriptionsByTreatmentsList-context.xml] does not exist
16:54:07.130 [Test worker] DEBUG org.springframework.test.context.support.AbstractContextLoader - Did not detect default resource location for test class [demo.TestCreatePrescriptionsByTreatmentsList]: class path resource [demo/TestCreatePrescriptionsByTreatmentsListContext.groovy] does not exist
16:54:07.130 [Test worker] INFO org.springframework.test.context.support.AbstractContextLoader - Could not detect default resource locations for test class [demo.TestCreatePrescriptionsByTreatmentsList]: no resource found for suffixes {-context.xml, Context.groovy}.
16:54:07.132 [Test worker] INFO org.springframework.test.context.support.AnnotationConfigContextLoaderUtils - Could not detect default configuration classes for test class [demo.TestCreatePrescriptionsByTreatmentsList]: TestCreatePrescriptionsByTreatmentsList does not declare any static, non-private, non-final, nested classes annotated with @Configuration.
16:54:07.299 [Test worker] DEBUG org.springframework.test.context.support.ActiveProfilesUtils - Could not find an 'annotation declaring class' for annotation type [org.springframework.test.context.ActiveProfiles] and class [demo.TestCreatePrescriptionsByTreatmentsList]
16:54:07.724 [Test worker] DEBUG org.springframework.context.annotation.ClassPathScanningCandidateComponentProvider - Identified candidate component class: file [C:\Users\User\IdeaProjects\IS-Project-2022\build\classes\java\main\demo\ServingWebContentApplication.class]
16:54:07.735 [Test worker] INFO org.springframework.boot.test.context.SpringBootTestContextBootstrapper - Found @SpringBootConfiguration demo.ServingWebContentApplication for test class demo.TestCreatePrescriptionsByTreatmentsList
16:54:08.314 [Test worker] DEBUG org.springframework.boot.test.context.SpringBootTestContextBootstrapper - @TestExecutionListeners is not present for class [demo.TestCreatePrescriptionsByTreatmentsList]: using defaults.
16:54:08.317 [Test worker] INFO org.springframework.boot.test.context.SpringBootTestContextBootstrapper - Loaded default TestExecutionListener class names from location [META-INF/spring.factories]: [org.springframework.boot.test.autoconfigure.restdocs.RestDocsTestExecutionListener, org.springframework.boot.test.autoconfigure.web.client.MockRestServiceServerResetTestExecutionListener, org.springframework.boot.test.autoconfigure.web.servlet.MockMvcPrintOnlyOnFailureTestExecutionListener, org.springframework.boot.test.autoconfigure.web.servlet.WebDriverTestExecutionListener, org.springframework.boot.test.autoconfigure.webservices.client.MockWebServiceServerTestExecutionListener, org.springframework.boot.test.mock.mockito.MockitoTestExecutionListener, org.springframework.boot.test.mock.mockito.ResetMocksTestExecutionListener, org.springframework.test.context.web.ServletTestExecutionListener, org.springframework.test.context.support.DirtiesContextBeforeModesTestExecutionListener, org.springframework.test.context.support.DependencyInjectionTestExecutionListener, org.springframework.test.context.support.DirtiesContextTestExecutionListener, org.springframework.test.context.transaction.TransactionalTestExecutionListener, org.springframework.test.context.jdbc.SqlScriptsTestExecutionListener, org.springframework.test.context.event.EventPublishingTestExecutionListener]
16:54:08.390 [Test worker] INFO org.springframework.boot.test.context.SpringBootTestContextBootstrapper - Using TestExecutionListeners: [org.springframework.test.context.web.ServletTestExecutionListener@1df9ba69, org.springframework.test.context.support.DirtiesContextBeforeModesTestExecutionListener@75b241cc, org.springframework.boot.test.mock.mockito.MockitoTestExecutionListener@6573fa54, org.springframework.boot.test.autoconfigure.SpringBootDependencyInjectionTestExecutionListener@4b23f9f, org.springframework.test.context.support.DirtiesContextTestExecutionListener@5448e792, org.springframework.test.context.transaction.TransactionalTestExecutionListener@331360f6, org.springframework.test.context.jdbc.SqlScriptsTestExecutionListener@49489d9a, org.springframework.test.context.event.EventPublishingTestExecutionListener@5c930deb, org.springframework.boot.test.autoconfigure.restdocs.RestDocsTestExecutionListener@4f74059c, org.springframework.boot.test.autoconfigure.web.client.MockRestServiceServerResetTestExecutionListener@67c8d854, org.springframework.boot.test.autoconfigure.web.servlet.MockMvcPrintOnlyOnFailureTestExecutionListener@6ae13d7a, org.springframework.boot.test.autoconfigure.web.servlet.WebDriverTestExecutionListener@2ed98998, org.springframework.boot.test.autoconfigure.webservices.client.MockWebServiceServerTestExecutionListener@41ee313a, org.springframework.boot.test.mock.mockito.ResetMocksTestExecutionListener@60c54b2b]
16:54:08.405 [Test worker] DEBUG org.springframework.test.annotation.ProfileValueUtils - Retrieved @ProfileValueSourceConfiguration [null] for test class [demo.TestCreatePrescriptionsByTreatmentsList]
16:54:08.408 [Test worker] DEBUG org.springframework.test.annotation.ProfileValueUtils - Retrieved ProfileValueSource type [class org.springframework.test.annotation.SystemProfileValueSource] for class [demo.TestCreatePrescriptionsByTreatmentsList]
16:54:08.418 [Test worker] DEBUG org.springframework.test.annotation.ProfileValueUtils - Retrieved @ProfileValueSourceConfiguration [null] for test class [demo.TestCreatePrescriptionsByTreatmentsList]
16:54:08.419 [Test worker] DEBUG org.springframework.test.annotation.ProfileValueUtils - Retrieved ProfileValueSource type [class org.springframework.test.annotation.SystemProfileValueSource] for class [demo.TestCreatePrescriptionsByTreatmentsList]
16:54:08.421 [Test worker] DEBUG org.springframework.test.annotation.ProfileValueUtils - Retrieved @ProfileValueSourceConfiguration [null] for test class [demo.TestCreatePrescriptionsByTreatmentsList]
16:54:08.422 [Test worker] DEBUG org.springframework.test.annotation.ProfileValueUtils - Retrieved ProfileValueSource type [class org.springframework.test.annotation.SystemProfileValueSource] for class [demo.TestCreatePrescriptionsByTreatmentsList]
16:54:08.436 [Test worker] DEBUG org.springframework.test.context.support.AbstractDirtiesContextTestExecutionListener - Before test class: context [DefaultTestContext@1fa5455f testClass = TestCreatePrescriptionsByTreatmentsList, testInstance = [null], testMethod = [null], testException = [null], mergedContextConfiguration = [WebMergedContextConfiguration@dde3be0 testClass = TestCreatePrescriptionsByTreatmentsList, locations = '{}', classes = '{class demo.ServingWebContentApplication}', contextInitializerClasses = '[]', activeProfiles = '{}', propertySourceLocations = '{}', propertySourceProperties = '{org.springframework.boot.test.context.SpringBootTestContextBootstrapper=true}', contextCustomizers = set[org.springframework.boot.test.autoconfigure.properties.PropertyMappingContextCustomizer@0, org.springframework.boot.test.autoconfigure.web.servlet.WebDriverContextCustomizerFactory$Customizer@254b1f1e, org.springframework.boot.test.context.filter.ExcludeFilterContextCustomizer@1baac3b3, org.springframework.boot.test.json.DuplicateJsonObjectContextCustomizerFactory$DuplicateJsonObjectContextCustomizer@7adbe24b, org.springframework.boot.test.mock.mockito.MockitoContextCustomizer@0, org.springframework.boot.test.web.client.TestRestTemplateContextCustomizer@67d8a669, org.springframework.boot.test.context.SpringBootTestArgs@1], resourceBasePath = 'src/main/webapp', contextLoader = 'org.springframework.boot.test.context.SpringBootContextLoader', parent = [null]], attributes = map['org.springframework.test.context.web.ServletTestExecutionListener.activateListener' -> false]], class annotated with @DirtiesContext [false] with mode [null].
16:54:08.444 [Test worker] DEBUG org.springframework.test.annotation.ProfileValueUtils - Retrieved @ProfileValueSourceConfiguration [null] for test class [demo.TestCreatePrescriptionsByTreatmentsList]
16:54:08.445 [Test worker] DEBUG org.springframework.test.annotation.ProfileValueUtils - Retrieved ProfileValueSource type [class org.springframework.test.annotation.SystemProfileValueSource] for class [demo.TestCreatePrescriptionsByTreatmentsList]
16:54:08.458 [Test worker] DEBUG org.springframework.test.context.support.DependencyInjectionTestExecutionListener - Performing dependency injection for test context [[DefaultTestContext@1fa5455f testClass = TestCreatePrescriptionsByTreatmentsList, testInstance = demo.TestCreatePrescriptionsByTreatmentsList@71670057, testMethod = [null], testException = [null], mergedContextConfiguration = [WebMergedContextConfiguration@dde3be0 testClass = TestCreatePrescriptionsByTreatmentsList, locations = '{}', classes = '{class demo.ServingWebContentApplication}', contextInitializerClasses = '[]', activeProfiles = '{}', propertySourceLocations = '{}', propertySourceProperties = '{org.springframework.boot.test.context.SpringBootTestContextBootstrapper=true}', contextCustomizers = set[org.springframework.boot.test.autoconfigure.properties.PropertyMappingContextCustomizer@0, org.springframework.boot.test.autoconfigure.web.servlet.WebDriverContextCustomizerFactory$Customizer@254b1f1e, org.springframework.boot.test.context.filter.ExcludeFilterContextCustomizer@1baac3b3, org.springframework.boot.test.json.DuplicateJsonObjectContextCustomizerFactory$DuplicateJsonObjectContextCustomizer@7adbe24b, org.springframework.boot.test.mock.mockito.MockitoContextCustomizer@0, org.springframework.boot.test.web.client.TestRestTemplateContextCustomizer@67d8a669, org.springframework.boot.test.context.SpringBootTestArgs@1], resourceBasePath = 'src/main/webapp', contextLoader = 'org.springframework.boot.test.context.SpringBootContextLoader', parent = [null]], attributes = map['org.springframework.test.context.web.ServletTestExecutionListener.activateListener' -> false]]].
16:54:08.533 [Test worker] DEBUG org.springframework.test.context.support.TestPropertySourceUtils - Adding inlined properties to environment: {spring.jmx.enabled=false, org.springframework.boot.test.context.SpringBootTestContextBootstrapper=true}

  .   ____          _            __ _ _
 /\\ / ___'_ __ _ _(_)_ __  __ _ \ \ \ \
( ( )\___ | '_ | '_| | '_ \/ _` | \ \ \ \
 \\/  ___)| |_)| | | | | || (_| |  ) ) ) )
  '  |____| .__|_| |_|_| |_\__, | / / / /
 =========|_|==============|___/=/_/_/_/
 :: Spring Boot ::        (v2.3.2.RELEASE)

2022-01-16 16:54:09.889  INFO 13580 --- [    Test worker] .TestCreatePrescriptionsByTreatmentsList : Starting TestCreatePrescriptionsByTreatmentsList on HL99 with PID 13580 (started by User in C:\Users\User\IdeaProjects\IS-Project-2022)
2022-01-16 16:54:09.894  INFO 13580 --- [    Test worker] .TestCreatePrescriptionsByTreatmentsList : No active profile set, falling back to default profiles: default
2022-01-16 16:54:12.442  INFO 13580 --- [    Test worker] .s.d.r.c.RepositoryConfigurationDelegate : Bootstrapping Spring Data JPA repositories in DEFERRED mode.
2022-01-16 16:54:12.700  INFO 13580 --- [    Test worker] .s.d.r.c.RepositoryConfigurationDelegate : Finished Spring Data repository scanning in 223ms. Found 3 JPA repository interfaces.
2022-01-16 16:54:15.956  INFO 13580 --- [    Test worker] o.s.b.w.embedded.tomcat.TomcatWebServer  : Tomcat initialized with port(s): 8080 (http)
2022-01-16 16:54:15.997  INFO 13580 --- [    Test worker] o.apache.catalina.core.StandardService   : Starting service [Tomcat]
2022-01-16 16:54:15.998  INFO 13580 --- [    Test worker] org.apache.catalina.core.StandardEngine  : Starting Servlet engine: [Apache Tomcat/9.0.37]
2022-01-16 16:54:16.774  INFO 13580 --- [    Test worker] o.a.c.c.C.[Tomcat].[localhost].[/]       : Initializing Spring embedded WebApplicationContext
2022-01-16 16:54:16.775  INFO 13580 --- [    Test worker] w.s.c.ServletWebServerApplicationContext : Root WebApplicationContext: initialization completed in 6764 ms
2022-01-16 16:54:18.159  INFO 13580 --- [    Test worker] o.s.s.concurrent.ThreadPoolTaskExecutor  : Initializing ExecutorService 'applicationTaskExecutor'
2022-01-16 16:54:18.222  INFO 13580 --- [    Test worker] com.zaxxer.hikari.HikariDataSource       : HikariPool-1 - Starting...
2022-01-16 16:54:18.973  INFO 13580 --- [    Test worker] com.zaxxer.hikari.HikariDataSource       : HikariPool-1 - Start completed.
2022-01-16 16:54:19.409  INFO 13580 --- [         task-1] o.hibernate.jpa.internal.util.LogHelper  : HHH000204: Processing PersistenceUnitInfo [name: default]
2022-01-16 16:54:19.849  WARN 13580 --- [    Test worker] JpaBaseConfiguration$JpaWebConfiguration : spring.jpa.open-in-view is enabled by default. Therefore, database queries may be performed during view rendering. Explicitly configure spring.jpa.open-in-view to disable this warning
2022-01-16 16:54:19.893  INFO 13580 --- [         task-1] org.hibernate.Version                    : HHH000412: Hibernate ORM core version 5.4.18.Final
2022-01-16 16:54:21.703  INFO 13580 --- [         task-1] o.hibernate.annotations.common.Version   : HCANN000001: Hibernate Commons Annotations {5.1.0.Final}
2022-01-16 16:54:23.446  INFO 13580 --- [         task-1] org.hibernate.dialect.Dialect            : HHH000400: Using dialect: org.hibernate.dialect.H2Dialect
2022-01-16 16:54:27.665  INFO 13580 --- [    Test worker] o.s.b.w.embedded.tomcat.TomcatWebServer  : Tomcat started on port(s): 8080 (http) with context path ''
2022-01-16 16:54:27.754  INFO 13580 --- [    Test worker] DeferredRepositoryInitializationListener : Triggering deferred initialization of Spring Data repositories…
2022-01-16 16:54:28.912  INFO 13580 --- [         task-1] o.h.e.t.j.p.i.JtaPlatformInitiator       : HHH000490: Using JtaPlatform implementation: [org.hibernate.engine.transaction.jta.platform.internal.NoJtaPlatform]
2022-01-16 16:54:28.948  INFO 13580 --- [         task-1] j.LocalContainerEntityManagerFactoryBean : Initialized JPA EntityManagerFactory for persistence unit 'default'
2022-01-16 16:54:29.824  INFO 13580 --- [    Test worker] DeferredRepositoryInitializationListener : Spring Data repositories initialized!
2022-01-16 16:54:29.853  INFO 13580 --- [    Test worker] .TestCreatePrescriptionsByTreatmentsList : Started TestCreatePrescriptionsByTreatmentsList in 21.313 seconds (JVM running for 25.171)
2022-01-16 16:54:32.740  INFO 13580 --- [ null to remote] o.o.selenium.remote.ProtocolHandshake    : Detected dialect: W3C
2022-01-16 16:54:33.158  INFO 13580 --- [nio-8080-exec-1] o.a.c.c.C.[Tomcat].[localhost].[/]       : Initializing Spring DispatcherServlet 'dispatcherServlet'
2022-01-16 16:54:33.158  INFO 13580 --- [nio-8080-exec-1] o.s.web.servlet.DispatcherServlet        : Initializing Servlet 'dispatcherServlet'
2022-01-16 16:54:33.305  INFO 13580 --- [nio-8080-exec-1] o.s.web.servlet.DispatcherServlet        : Completed initialization in 146 ms
]]></system-out>
  <system-err><![CDATA[Starting ChromeDriver 96.0.4664.45 (76e4c1bb2ab4671b8beba3444e61c0f17584b2fc-refs/branch-heads/4664@{#947}) on port 15618
Only local connections are allowed.
Please see https://chromedriver.chromium.org/security-considerations for suggestions on keeping ChromeDriver safe.
ChromeDriver was started successfully.
[1642348472.630][WARNING]: This version of ChromeDriver has not been tested with Chrome version 97.
]]></system-err>
</testsuite>
